{"name": "Проверка описания маршрута c названием Разговорчивый", "status": "skipped", "statusDetails": {"message": "XFAIL У тарифа разговорчивый описание от сонный\n\nAssertionError: Тариф Разговорчивый имеет неправильное описание\nassert 'Разговорчивы...о не выспался' == 'Разговорчивы...дят из головы'\n  \n  \u001b[0m\u001b[91m- Разговорчивый - Если мысли не выходят из головы\u001b[39;49;00m\u001b[90m\u001b[39;49;00m\n  \u001b[92m+ Разговорчивый - Для тех, кто не выспался\u001b[39;49;00m\u001b[90m\u001b[39;49;00m", "trace": "self = <project.tests.test_call_taxi_page.TestCallTaxiPage object at 0x105a8e750>, call_taxi_page = <project.pages.call_taxi_page.CallTaxiPage object at 0x105afc910>\ntaxi_title = 'Разговорчивый', expected_tarif_description = 'Разговорчивый - Если мысли не выходят из головы'\n\n    @pytest.mark.parametrize(\n        'taxi_title, expected_tarif_description',\n        [\n            pytest.param(*Data.DATA_1, marks=pytest.mark.xfail(reason=\"У тарифа сонный описание от разговорчивый\")),\n            Data.DATA_2,\n            pytest.param(*Data.DATA_3, marks=pytest.mark.xfail(reason=\"У тарифа разговорчивый описание от сонный\")),\n            Data.DATA_4,\n            Data.DATA_5,\n            Data.DATA_6\n        ]\n    )\n    @allure.title(\"Проверка описания маршрута c названием {taxi_title}\")\n    def test_modal_window_with_description_tarif(self, call_taxi_page, taxi_title, expected_tarif_description):\n        actual_tarif_description = call_taxi_page.modal_window_with_description_tarif(taxi_title)\n>       assert actual_tarif_description == expected_tarif_description, f\"Тариф {taxi_title} имеет неправильное описание\"\nE       AssertionError: Тариф Разговорчивый имеет неправильное описание\nE       assert 'Разговорчивы...о не выспался' == 'Разговорчивы...дят из головы'\nE         \nE         \u001b[0m\u001b[91m- Разговорчивый - Если мысли не выходят из головы\u001b[39;49;00m\u001b[90m\u001b[39;49;00m\nE         \u001b[92m+ Разговорчивый - Для тех, кто не выспался\u001b[39;49;00m\u001b[90m\u001b[39;49;00m\n\nproject/tests/test_call_taxi_page.py:33: AssertionError"}, "steps": [{"name": "Кликнуть на элемент", "status": "passed", "steps": [{"name": "Поиск элемента с ожиданием пока не будет виден", "status": "passed", "parameters": [{"name": "locator", "value": "('xpath', '//div[@class=\"tcard-title\" and text()=\"Разговорчивый\"]')"}], "start": 1758437366402, "stop": 1758437366422}], "parameters": [{"name": "locator", "value": "('xpath', '//div[@class=\"tcard-title\" and text()=\"Разговорчивый\"]')"}], "start": 1758437366402, "stop": 1758437366459}, {"name": "Поиск элемента с ожиданием пока не будет виден", "status": "passed", "parameters": [{"name": "locator", "value": "('xpath', '//div[@class=\"tcard active\"]/button')"}], "start": 1758437366459, "stop": 1758437366492}, {"name": "Навести на элемент", "status": "passed", "parameters": [{"name": "element", "value": "<selenium.webdriver.remote.webelement.WebElement (session=\"47e3ef6946a0536ca1397c33cb3f45b3\", element=\"f.90DF4566FDF0ED88D82E583B7B60FE5B.d.5AB8F449FE5057232EF6701E3BCE78A1.e.55\")>"}], "start": 1758437366492, "stop": 1758437366760}, {"name": "Поиск элемента с ожиданием пока не будет виден", "status": "passed", "parameters": [{"name": "locator", "value": "('css selector', 'div.tcard.active div.i-title')"}], "start": 1758437366760, "stop": 1758437366774}, {"name": "Получить текст из элемента", "status": "passed", "steps": [{"name": "Поиск элемента с ожиданием пока не будет виден", "status": "passed", "parameters": [{"name": "locator", "value": "('css selector', 'div.tcard.active div.i-title')"}], "start": 1758437366774, "stop": 1758437366796}], "parameters": [{"name": "locator", "value": "('css selector', 'div.tcard.active div.i-title')"}], "start": 1758437366774, "stop": 1758437366803}, {"name": "Получить текст из элемента", "status": "passed", "steps": [{"name": "Поиск элемента с ожиданием пока не будет виден", "status": "passed", "parameters": [{"name": "locator", "value": "('css selector', 'div.tcard.active div.i-dPrefix')"}], "start": 1758437366803, "stop": 1758437366814}], "parameters": [{"name": "locator", "value": "('css selector', 'div.tcard.active div.i-dPrefix')"}], "start": 1758437366803, "stop": 1758437366823}], "parameters": [{"name": "taxi_title", "value": "'Разговорчивый'"}, {"name": "expected_tarif_description", "value": "'Разговорчивый - Если мысли не выходят из головы'"}], "start": 1758437366402, "stop": 1758437366823, "uuid": "7dc8d45e-4da7-442a-9eab-056f496f3315", "historyId": "5d38169fc8468cde725e74da1a4c1c30", "testCaseId": "11b8747eb05c75fc49596947a902aadf", "fullName": "project.tests.test_call_taxi_page.TestCallTaxiPage#test_modal_window_with_description_tarif", "labels": [{"name": "parentSuite", "value": "project.tests"}, {"name": "suite", "value": "test_call_taxi_page"}, {"name": "subSuite", "value": "TestCallTaxiPage"}, {"name": "host", "value": "MacBook-Pro-Andrej.local"}, {"name": "thread", "value": "9635-MainThread"}, {"name": "framework", "value": "pytest"}, {"name": "language", "value": "cpython3"}, {"name": "package", "value": "project.tests.test_call_taxi_page"}], "titlePath": ["project", "tests", "test_call_taxi_page.py", "TestCallTaxiPage"]}