{"name": "Проверка, что отображается элемент ('xpath', '//img [@alt=\"Car\"]') в окне ожидания машины", "status": "broken", "statusDetails": {"message": "selenium.common.exceptions.TimeoutException: Message: \nStacktrace:\n0   chromedriver                        0x0000000100f8f668 cxxbridge1$str$ptr + 2882776\n1   chromedriver                        0x0000000100f87594 cxxbridge1$str$ptr + 2849796\n2   chromedriver                        0x0000000100ab10dc _RNvCslE4myv9Sbr3_7___rustc35___rust_no_alloc_shim_is_unstable_v2 + 73436\n3   chromedriver                        0x0000000100af8474 _RNvCslE4myv9Sbr3_7___rustc35___rust_no_alloc_shim_is_unstable_v2 + 365172\n4   chromedriver                        0x0000000100b3966c _RNvCslE4myv9Sbr3_7___rustc35___rust_no_alloc_shim_is_unstable_v2 + 631916\n5   chromedriver                        0x0000000100aec130 _RNvCslE4myv9Sbr3_7___rustc35___rust_no_alloc_shim_is_unstable_v2 + 315184\n6   chromedriver                        0x0000000100f53b98 cxxbridge1$str$ptr + 2638344\n7   chromedriver                        0x0000000100f56db0 cxxbridge1$str$ptr + 2651168\n8   chromedriver                        0x0000000100f34634 cxxbridge1$str$ptr + 2509988\n9   chromedriver                        0x0000000100f5765c cxxbridge1$str$ptr + 2653388\n10  chromedriver                        0x0000000100f25dd0 cxxbridge1$str$ptr + 2450496\n11  chromedriver                        0x0000000100f76ee4 cxxbridge1$str$ptr + 2782548\n12  chromedriver                        0x0000000100f77064 cxxbridge1$str$ptr + 2782932\n13  chromedriver                        0x0000000100f871e0 cxxbridge1$str$ptr + 2848848\n14  libsystem_pthread.dylib             0x000000018bc9fc0c _pthread_start + 136\n15  libsystem_pthread.dylib             0x000000018bc9ab80 thread_start + 8", "trace": "driver = <selenium.webdriver.chrome.webdriver.WebDriver (session=\"923139c9f16268927c91058e2922e5bb\")>, main_page = <project.pages.main_page.MainPage object at 0x104a92ad0>\n\n    @pytest.fixture\n    def call_taxi_page(driver, main_page):\n        _ = main_page\n        page = CallTaxiPage(driver)\n        page.add_two_address(Data.LOCATION_1, Data.LOCATION_2)\n>       page.confirm_order_taxi()\n\nproject/tests/conftest.py:27: \n_ _ _ _ _ _ _ _ _ _ _ _ _ _ _ _ _ _ _ _ _ _ _ _ _ _ _ _ _ _ _ _ _ _ _ _ _ _ _ _ _ _ _ _ _ _ _ _ _ _ _ _ _ _ _ _ _ _ _ _ _ _ _ _ _ _ _ _ _ _ _ _ _ _ _ _ _ _ _ _ _ _ _ _ _ _ _ _ \nproject/pages/base_page.py:100: in confirm_order_taxi\n    self.click_on_element(MainPageLocators.CALL_TAXI)\nproject/pages/base_page.py:74: in click_on_element\n    self.find_element_with_wait(locator).click()\n    ^^^^^^^^^^^^^^^^^^^^^^^^^^^^^^^^^^^^\nproject/pages/base_page.py:19: in find_element_with_wait\n    self.wait.until(ec.visibility_of_element_located(locator))\n_ _ _ _ _ _ _ _ _ _ _ _ _ _ _ _ _ _ _ _ _ _ _ _ _ _ _ _ _ _ _ _ _ _ _ _ _ _ _ _ _ _ _ _ _ _ _ _ _ _ _ _ _ _ _ _ _ _ _ _ _ _ _ _ _ _ _ _ _ _ _ _ _ _ _ _ _ _ _ _ _ _ _ _ _ _ _ _ \n\nself = <selenium.webdriver.support.wait.WebDriverWait (session=\"923139c9f16268927c91058e2922e5bb\")>\nmethod = <function visibility_of_element_located.<locals>._predicate at 0x1049e8360>, message = ''\n\n    def until(self, method: Callable[[D], Union[Literal[False], T]], message: str = \"\") -> T:\n        \"\"\"Wait until the method returns a value that is not False.\n    \n        Calls the method provided with the driver as an argument until the\n        return value does not evaluate to ``False``.\n    \n        Parameters:\n        -----------\n        method: callable(WebDriver)\n            - A callable object that takes a WebDriver instance as an argument.\n    \n        message: str\n            - Optional message for :exc:`TimeoutException`\n    \n        Return:\n        -------\n        object: T\n            - The result of the last call to `method`\n    \n        Raises:\n        -------\n        TimeoutException\n            - If 'method' does not return a truthy value within the WebDriverWait\n            object's timeout\n    \n        Example:\n        --------\n        >>> from selenium.webdriver.common.by import By\n        >>> from selenium.webdriver.support.ui import WebDriverWait\n        >>> from selenium.webdriver.support import expected_conditions as EC\n    \n        # Wait until an element is visible on the page\n        >>> wait = WebDriverWait(driver, 10)\n        >>> element = wait.until(EC.visibility_of_element_located((By.ID, \"exampleId\")))\n        >>> print(element.text)\n        \"\"\"\n        screen = None\n        stacktrace = None\n    \n        end_time = time.monotonic() + self._timeout\n        while True:\n            try:\n                value = method(self._driver)\n                if value:\n                    return value\n            except self._ignored_exceptions as exc:\n                screen = getattr(exc, \"screen\", None)\n                stacktrace = getattr(exc, \"stacktrace\", None)\n            if time.monotonic() > end_time:\n                break\n            time.sleep(self._poll)\n>       raise TimeoutException(message, screen, stacktrace)\nE       selenium.common.exceptions.TimeoutException: Message: \nE       Stacktrace:\nE       0   chromedriver                        0x0000000100f8f668 cxxbridge1$str$ptr + 2882776\nE       1   chromedriver                        0x0000000100f87594 cxxbridge1$str$ptr + 2849796\nE       2   chromedriver                        0x0000000100ab10dc _RNvCslE4myv9Sbr3_7___rustc35___rust_no_alloc_shim_is_unstable_v2 + 73436\nE       3   chromedriver                        0x0000000100af8474 _RNvCslE4myv9Sbr3_7___rustc35___rust_no_alloc_shim_is_unstable_v2 + 365172\nE       4   chromedriver                        0x0000000100b3966c _RNvCslE4myv9Sbr3_7___rustc35___rust_no_alloc_shim_is_unstable_v2 + 631916\nE       5   chromedriver                        0x0000000100aec130 _RNvCslE4myv9Sbr3_7___rustc35___rust_no_alloc_shim_is_unstable_v2 + 315184\nE       6   chromedriver                        0x0000000100f53b98 cxxbridge1$str$ptr + 2638344\nE       7   chromedriver                        0x0000000100f56db0 cxxbridge1$str$ptr + 2651168\nE       8   chromedriver                        0x0000000100f34634 cxxbridge1$str$ptr + 2509988\nE       9   chromedriver                        0x0000000100f5765c cxxbridge1$str$ptr + 2653388\nE       10  chromedriver                        0x0000000100f25dd0 cxxbridge1$str$ptr + 2450496\nE       11  chromedriver                        0x0000000100f76ee4 cxxbridge1$str$ptr + 2782548\nE       12  chromedriver                        0x0000000100f77064 cxxbridge1$str$ptr + 2782932\nE       13  chromedriver                        0x0000000100f871e0 cxxbridge1$str$ptr + 2848848\nE       14  libsystem_pthread.dylib             0x000000018bc9fc0c _pthread_start + 136\nE       15  libsystem_pthread.dylib             0x000000018bc9ab80 thread_start + 8\n\n.venv/lib/python3.11/site-packages/selenium/webdriver/support/wait.py:138: TimeoutException"}, "parameters": [{"name": "locator", "value": "('xpath', '//img [@alt=\"Car\"]')"}], "start": 1758442762781, "stop": 1758442762781, "uuid": "27bcad5e-075a-4d0b-a288-8039199a6ecb", "historyId": "b078fab3cf39884bc9ac16541171d312", "testCaseId": "e24b395742ef0096ff0a945ddf8f03e6", "fullName": "project.tests.test_call_taxi_page.TestCallTaxiPage#test_is_check_window_final_order", "labels": [{"name": "parentSuite", "value": "project.tests"}, {"name": "suite", "value": "test_call_taxi_page"}, {"name": "subSuite", "value": "TestCallTaxiPage"}, {"name": "host", "value": "MacBook-Pro-Andrej.local"}, {"name": "thread", "value": "14536-MainThread"}, {"name": "framework", "value": "pytest"}, {"name": "language", "value": "cpython3"}, {"name": "package", "value": "project.tests.test_call_taxi_page"}], "titlePath": ["project", "tests", "test_call_taxi_page.py", "TestCallTaxiPage"]}