{"name": "Проверка активности кнопки забронировать в маршруте свой транспорте Драйв", "status": "broken", "statusDetails": {"message": "selenium.common.exceptions.TimeoutException: Message: \nStacktrace:\n0   chromedriver                        0x0000000102fb7668 cxxbridge1$str$ptr + 2882776\n1   chromedriver                        0x0000000102faf594 cxxbridge1$str$ptr + 2849796\n2   chromedriver                        0x0000000102ad90dc _RNvCslE4myv9Sbr3_7___rustc35___rust_no_alloc_shim_is_unstable_v2 + 73436\n3   chromedriver                        0x0000000102b20474 _RNvCslE4myv9Sbr3_7___rustc35___rust_no_alloc_shim_is_unstable_v2 + 365172\n4   chromedriver                        0x0000000102b6166c _RNvCslE4myv9Sbr3_7___rustc35___rust_no_alloc_shim_is_unstable_v2 + 631916\n5   chromedriver                        0x0000000102b14130 _RNvCslE4myv9Sbr3_7___rustc35___rust_no_alloc_shim_is_unstable_v2 + 315184\n6   chromedriver                        0x0000000102f7bb98 cxxbridge1$str$ptr + 2638344\n7   chromedriver                        0x0000000102f7edb0 cxxbridge1$str$ptr + 2651168\n8   chromedriver                        0x0000000102f5c634 cxxbridge1$str$ptr + 2509988\n9   chromedriver                        0x0000000102f7f65c cxxbridge1$str$ptr + 2653388\n10  chromedriver                        0x0000000102f4ddd0 cxxbridge1$str$ptr + 2450496\n11  chromedriver                        0x0000000102f9eee4 cxxbridge1$str$ptr + 2782548\n12  chromedriver                        0x0000000102f9f064 cxxbridge1$str$ptr + 2782932\n13  chromedriver                        0x0000000102faf1e0 cxxbridge1$str$ptr + 2848848\n14  libsystem_pthread.dylib             0x000000018bc9fc0c _pthread_start + 136\n15  libsystem_pthread.dylib             0x000000018bc9ab80 thread_start + 8", "trace": "self = <project.tests.test_main_page.TestMainPage object at 0x104925ad0>, main_page = <project.pages.main_page.MainPage object at 0x1049a3c50>\n\n    @allure.title(\"Проверка активности кнопки забронировать в маршруте свой транспорте Драйв\")\n    def test_active_confirmation(self,main_page):\n>       condition = main_page.active_confirmation()\n                    ^^^^^^^^^^^^^^^^^^^^^^^^^^^^^^^\n\nproject/tests/test_main_page.py:42: \n_ _ _ _ _ _ _ _ _ _ _ _ _ _ _ _ _ _ _ _ _ _ _ _ _ _ _ _ _ _ _ _ _ _ _ _ _ _ _ _ _ _ _ _ _ _ _ _ _ _ _ _ _ _ _ _ _ _ _ _ _ _ _ _ _ _ _ _ _ _ _ _ _ _ _ _ _ _ _ _ _ _ _ _ _ _ _ _ \nproject/pages/main_page.py:66: in active_confirmation\n    condition = self.check_element_is_clickable(MainPageLocators.CONFIRMATION)\n                ^^^^^^^^^^^^^^^^^^^^^^^^^^^^^^^^^^^^^^^^^^^^^^^^^^^^^^^^^^^^^^\nproject/pages/base_page.py:79: in check_element_is_clickable\n    self.wait.until(ec.element_to_be_clickable(locator))\n_ _ _ _ _ _ _ _ _ _ _ _ _ _ _ _ _ _ _ _ _ _ _ _ _ _ _ _ _ _ _ _ _ _ _ _ _ _ _ _ _ _ _ _ _ _ _ _ _ _ _ _ _ _ _ _ _ _ _ _ _ _ _ _ _ _ _ _ _ _ _ _ _ _ _ _ _ _ _ _ _ _ _ _ _ _ _ _ \n\nself = <selenium.webdriver.support.wait.WebDriverWait (session=\"5cb073ed6aaca7cf3510360f391bccfc\")>\nmethod = <function element_to_be_clickable.<locals>._predicate at 0x104988b80>, message = ''\n\n    def until(self, method: Callable[[D], Union[Literal[False], T]], message: str = \"\") -> T:\n        \"\"\"Wait until the method returns a value that is not False.\n    \n        Calls the method provided with the driver as an argument until the\n        return value does not evaluate to ``False``.\n    \n        Parameters:\n        -----------\n        method: callable(WebDriver)\n            - A callable object that takes a WebDriver instance as an argument.\n    \n        message: str\n            - Optional message for :exc:`TimeoutException`\n    \n        Return:\n        -------\n        object: T\n            - The result of the last call to `method`\n    \n        Raises:\n        -------\n        TimeoutException\n            - If 'method' does not return a truthy value within the WebDriverWait\n            object's timeout\n    \n        Example:\n        --------\n        >>> from selenium.webdriver.common.by import By\n        >>> from selenium.webdriver.support.ui import WebDriverWait\n        >>> from selenium.webdriver.support import expected_conditions as EC\n    \n        # Wait until an element is visible on the page\n        >>> wait = WebDriverWait(driver, 10)\n        >>> element = wait.until(EC.visibility_of_element_located((By.ID, \"exampleId\")))\n        >>> print(element.text)\n        \"\"\"\n        screen = None\n        stacktrace = None\n    \n        end_time = time.monotonic() + self._timeout\n        while True:\n            try:\n                value = method(self._driver)\n                if value:\n                    return value\n            except self._ignored_exceptions as exc:\n                screen = getattr(exc, \"screen\", None)\n                stacktrace = getattr(exc, \"stacktrace\", None)\n            if time.monotonic() > end_time:\n                break\n            time.sleep(self._poll)\n>       raise TimeoutException(message, screen, stacktrace)\nE       selenium.common.exceptions.TimeoutException: Message: \nE       Stacktrace:\nE       0   chromedriver                        0x0000000102fb7668 cxxbridge1$str$ptr + 2882776\nE       1   chromedriver                        0x0000000102faf594 cxxbridge1$str$ptr + 2849796\nE       2   chromedriver                        0x0000000102ad90dc _RNvCslE4myv9Sbr3_7___rustc35___rust_no_alloc_shim_is_unstable_v2 + 73436\nE       3   chromedriver                        0x0000000102b20474 _RNvCslE4myv9Sbr3_7___rustc35___rust_no_alloc_shim_is_unstable_v2 + 365172\nE       4   chromedriver                        0x0000000102b6166c _RNvCslE4myv9Sbr3_7___rustc35___rust_no_alloc_shim_is_unstable_v2 + 631916\nE       5   chromedriver                        0x0000000102b14130 _RNvCslE4myv9Sbr3_7___rustc35___rust_no_alloc_shim_is_unstable_v2 + 315184\nE       6   chromedriver                        0x0000000102f7bb98 cxxbridge1$str$ptr + 2638344\nE       7   chromedriver                        0x0000000102f7edb0 cxxbridge1$str$ptr + 2651168\nE       8   chromedriver                        0x0000000102f5c634 cxxbridge1$str$ptr + 2509988\nE       9   chromedriver                        0x0000000102f7f65c cxxbridge1$str$ptr + 2653388\nE       10  chromedriver                        0x0000000102f4ddd0 cxxbridge1$str$ptr + 2450496\nE       11  chromedriver                        0x0000000102f9eee4 cxxbridge1$str$ptr + 2782548\nE       12  chromedriver                        0x0000000102f9f064 cxxbridge1$str$ptr + 2782932\nE       13  chromedriver                        0x0000000102faf1e0 cxxbridge1$str$ptr + 2848848\nE       14  libsystem_pthread.dylib             0x000000018bc9fc0c _pthread_start + 136\nE       15  libsystem_pthread.dylib             0x000000018bc9ab80 thread_start + 8\n\n.venv/lib/python3.11/site-packages/selenium/webdriver/support/wait.py:138: TimeoutException"}, "steps": [{"name": "В тарифе Свой активна кнопка Забронировать", "status": "broken", "statusDetails": {"message": "selenium.common.exceptions.TimeoutException: Message: \nStacktrace:\n0   chromedriver                        0x0000000102fb7668 cxxbridge1$str$ptr + 2882776\n1   chromedriver                        0x0000000102faf594 cxxbridge1$str$ptr + 2849796\n2   chromedriver                        0x0000000102ad90dc _RNvCslE4myv9Sbr3_7___rustc35___rust_no_alloc_shim_is_unstable_v2 + 73436\n3   chromedriver                        0x0000000102b20474 _RNvCslE4myv9Sbr3_7___rustc35___rust_no_alloc_shim_is_unstable_v2 + 365172\n4   chromedriver                        0x0000000102b6166c _RNvCslE4myv9Sbr3_7___rustc35___rust_no_alloc_shim_is_unstable_v2 + 631916\n5   chromedriver                        0x0000000102b14130 _RNvCslE4myv9Sbr3_7___rustc35___rust_no_alloc_shim_is_unstable_v2 + 315184\n6   chromedriver                        0x0000000102f7bb98 cxxbridge1$str$ptr + 2638344\n7   chromedriver                        0x0000000102f7edb0 cxxbridge1$str$ptr + 2651168\n8   chromedriver                        0x0000000102f5c634 cxxbridge1$str$ptr + 2509988\n9   chromedriver                        0x0000000102f7f65c cxxbridge1$str$ptr + 2653388\n10  chromedriver                        0x0000000102f4ddd0 cxxbridge1$str$ptr + 2450496\n11  chromedriver                        0x0000000102f9eee4 cxxbridge1$str$ptr + 2782548\n12  chromedriver                        0x0000000102f9f064 cxxbridge1$str$ptr + 2782932\n13  chromedriver                        0x0000000102faf1e0 cxxbridge1$str$ptr + 2848848\n14  libsystem_pthread.dylib             0x000000018bc9fc0c _pthread_start + 136\n15  libsystem_pthread.dylib             0x000000018bc9ab80 thread_start + 8\n\n", "trace": "  File \"/Users/andreyshnyrin/PycharmProjects/Sprint_10/.venv/lib/python3.11/site-packages/allure_commons/_allure.py\", line 202, in impl\n    return func(*a, **kw)\n           ^^^^^^^^^^^^^^\n  File \"/Users/andreyshnyrin/PycharmProjects/Sprint_10/project/pages/main_page.py\", line 66, in active_confirmation\n    condition = self.check_element_is_clickable(MainPageLocators.CONFIRMATION)\n                ^^^^^^^^^^^^^^^^^^^^^^^^^^^^^^^^^^^^^^^^^^^^^^^^^^^^^^^^^^^^^^\n  File \"/Users/andreyshnyrin/PycharmProjects/Sprint_10/.venv/lib/python3.11/site-packages/allure_commons/_allure.py\", line 202, in impl\n    return func(*a, **kw)\n           ^^^^^^^^^^^^^^\n  File \"/Users/andreyshnyrin/PycharmProjects/Sprint_10/project/pages/base_page.py\", line 79, in check_element_is_clickable\n    self.wait.until(ec.element_to_be_clickable(locator))\n  File \"/Users/andreyshnyrin/PycharmProjects/Sprint_10/.venv/lib/python3.11/site-packages/selenium/webdriver/support/wait.py\", line 138, in until\n    raise TimeoutException(message, screen, stacktrace)\n"}, "steps": [{"name": "Вводим адреса отправления и назначения", "status": "passed", "steps": [{"name": "Ввести текст в поле ввода", "status": "passed", "steps": [{"name": "Поиск элемента с ожиданием пока не будет виден", "status": "passed", "parameters": [{"name": "locator", "value": "('xpath', '//input[@id=\"from\"]')"}], "start": 1758443020797, "stop": 1758443020813}], "parameters": [{"name": "locator", "value": "('xpath', '//input[@id=\"from\"]')"}, {"name": "text", "value": "'Хамовнический вал, 34'"}], "start": 1758443020797, "stop": 1758443020912}, {"name": "Ввести текст в поле ввода", "status": "passed", "steps": [{"name": "Поиск элемента с ожиданием пока не будет виден", "status": "passed", "parameters": [{"name": "locator", "value": "('xpath', '//input[@id=\"to\"]')"}], "start": 1758443020912, "stop": 1758443020926}], "parameters": [{"name": "locator", "value": "('xpath', '//input[@id=\"to\"]')"}, {"name": "text", "value": "'Зубовский бульвар, 37'"}], "start": 1758443020912, "stop": 1758443020994}], "parameters": [{"name": "from_address", "value": "'Хамовнический вал, 34'"}, {"name": "to_address", "value": "'Зубовский бульвар, 37'"}], "start": 1758443020797, "stop": 1758443020994}, {"name": "Кликнуть на элемент", "status": "passed", "steps": [{"name": "Поиск элемента с ожиданием пока не будет виден", "status": "passed", "parameters": [{"name": "locator", "value": "('xpath', '//div[text()=\"Свой\"]')"}], "start": 1758443020994, "stop": 1758443021021}], "parameters": [{"name": "locator", "value": "('xpath', '//div[text()=\"Свой\"]')"}], "start": 1758443020994, "stop": 1758443021059}, {"name": "Кликнуть на элемент", "status": "passed", "steps": [{"name": "Поиск элемента с ожиданием пока не будет виден", "status": "passed", "parameters": [{"name": "locator", "value": "('xpath', '//img[contains(@src,\"drive\")]')"}], "start": 1758443021059, "stop": 1758443021078}], "parameters": [{"name": "locator", "value": "('xpath', '//img[contains(@src,\"drive\")]')"}], "start": 1758443021059, "stop": 1758443021109}, {"name": "Проверить кликабельность элемента", "status": "broken", "statusDetails": {"message": "selenium.common.exceptions.TimeoutException: Message: \nStacktrace:\n0   chromedriver                        0x0000000102fb7668 cxxbridge1$str$ptr + 2882776\n1   chromedriver                        0x0000000102faf594 cxxbridge1$str$ptr + 2849796\n2   chromedriver                        0x0000000102ad90dc _RNvCslE4myv9Sbr3_7___rustc35___rust_no_alloc_shim_is_unstable_v2 + 73436\n3   chromedriver                        0x0000000102b20474 _RNvCslE4myv9Sbr3_7___rustc35___rust_no_alloc_shim_is_unstable_v2 + 365172\n4   chromedriver                        0x0000000102b6166c _RNvCslE4myv9Sbr3_7___rustc35___rust_no_alloc_shim_is_unstable_v2 + 631916\n5   chromedriver                        0x0000000102b14130 _RNvCslE4myv9Sbr3_7___rustc35___rust_no_alloc_shim_is_unstable_v2 + 315184\n6   chromedriver                        0x0000000102f7bb98 cxxbridge1$str$ptr + 2638344\n7   chromedriver                        0x0000000102f7edb0 cxxbridge1$str$ptr + 2651168\n8   chromedriver                        0x0000000102f5c634 cxxbridge1$str$ptr + 2509988\n9   chromedriver                        0x0000000102f7f65c cxxbridge1$str$ptr + 2653388\n10  chromedriver                        0x0000000102f4ddd0 cxxbridge1$str$ptr + 2450496\n11  chromedriver                        0x0000000102f9eee4 cxxbridge1$str$ptr + 2782548\n12  chromedriver                        0x0000000102f9f064 cxxbridge1$str$ptr + 2782932\n13  chromedriver                        0x0000000102faf1e0 cxxbridge1$str$ptr + 2848848\n14  libsystem_pthread.dylib             0x000000018bc9fc0c _pthread_start + 136\n15  libsystem_pthread.dylib             0x000000018bc9ab80 thread_start + 8\n\n", "trace": "  File \"/Users/andreyshnyrin/PycharmProjects/Sprint_10/.venv/lib/python3.11/site-packages/allure_commons/_allure.py\", line 202, in impl\n    return func(*a, **kw)\n           ^^^^^^^^^^^^^^\n  File \"/Users/andreyshnyrin/PycharmProjects/Sprint_10/project/pages/base_page.py\", line 79, in check_element_is_clickable\n    self.wait.until(ec.element_to_be_clickable(locator))\n  File \"/Users/andreyshnyrin/PycharmProjects/Sprint_10/.venv/lib/python3.11/site-packages/selenium/webdriver/support/wait.py\", line 138, in until\n    raise TimeoutException(message, screen, stacktrace)\n"}, "parameters": [{"name": "locator", "value": "('xpath', '//button[text()=\"Забронировать\"]')"}], "start": 1758443021109, "stop": 1758443026301}], "start": 1758443020797, "stop": 1758443026302}], "start": 1758443020797, "stop": 1758443026304, "uuid": "438a6e0b-5913-417d-9dc9-47ea93c76252", "historyId": "1a29ed74e5898b0995ec0e59968cd73f", "testCaseId": "1a29ed74e5898b0995ec0e59968cd73f", "fullName": "project.tests.test_main_page.TestMainPage#test_active_confirmation", "labels": [{"name": "parentSuite", "value": "project.tests"}, {"name": "suite", "value": "test_main_page"}, {"name": "subSuite", "value": "TestMainPage"}, {"name": "host", "value": "MacBook-Pro-Andrej.local"}, {"name": "thread", "value": "14536-MainThread"}, {"name": "framework", "value": "pytest"}, {"name": "language", "value": "cpython3"}, {"name": "package", "value": "project.tests.test_main_page"}], "titlePath": ["project", "tests", "test_main_page.py", "TestMainPage"]}