{"name": "Проверка активности кнопки забронировать в маршруте свой транспорте Драйв", "status": "broken", "statusDetails": {"message": "selenium.common.exceptions.TimeoutException: Message: \nStacktrace:\n0   chromedriver                        0x0000000102b7f668 cxxbridge1$str$ptr + 2882776\n1   chromedriver                        0x0000000102b77594 cxxbridge1$str$ptr + 2849796\n2   chromedriver                        0x00000001026a10dc _RNvCslE4myv9Sbr3_7___rustc35___rust_no_alloc_shim_is_unstable_v2 + 73436\n3   chromedriver                        0x00000001026e8474 _RNvCslE4myv9Sbr3_7___rustc35___rust_no_alloc_shim_is_unstable_v2 + 365172\n4   chromedriver                        0x000000010272966c _RNvCslE4myv9Sbr3_7___rustc35___rust_no_alloc_shim_is_unstable_v2 + 631916\n5   chromedriver                        0x00000001026dc130 _RNvCslE4myv9Sbr3_7___rustc35___rust_no_alloc_shim_is_unstable_v2 + 315184\n6   chromedriver                        0x0000000102b43b98 cxxbridge1$str$ptr + 2638344\n7   chromedriver                        0x0000000102b46db0 cxxbridge1$str$ptr + 2651168\n8   chromedriver                        0x0000000102b24634 cxxbridge1$str$ptr + 2509988\n9   chromedriver                        0x0000000102b4765c cxxbridge1$str$ptr + 2653388\n10  chromedriver                        0x0000000102b15dd0 cxxbridge1$str$ptr + 2450496\n11  chromedriver                        0x0000000102b66ee4 cxxbridge1$str$ptr + 2782548\n12  chromedriver                        0x0000000102b67064 cxxbridge1$str$ptr + 2782932\n13  chromedriver                        0x0000000102b771e0 cxxbridge1$str$ptr + 2848848\n14  libsystem_pthread.dylib             0x000000018bc9fc0c _pthread_start + 136\n15  libsystem_pthread.dylib             0x000000018bc9ab80 thread_start + 8", "trace": "self = <project.tests.test_main_page.TestMainPage object at 0x105ab94d0>, main_page = <project.pages.main_page.MainPage object at 0x105c23c10>\n\n    @allure.title(\"Проверка активности кнопки забронировать в маршруте свой транспорте Драйв\")\n    def test_active_confirmation(self,main_page):\n>       condition = main_page.active_confirmation()\n                    ^^^^^^^^^^^^^^^^^^^^^^^^^^^^^^^\n\nproject/tests/test_main_page.py:42: \n_ _ _ _ _ _ _ _ _ _ _ _ _ _ _ _ _ _ _ _ _ _ _ _ _ _ _ _ _ _ _ _ _ _ _ _ _ _ _ _ _ _ _ _ _ _ _ _ _ _ _ _ _ _ _ _ _ _ _ _ _ _ _ _ _ _ _ _ _ _ _ _ _ _ _ _ _ _ _ _ _ _ _ _ _ _ _ _ \nproject/pages/main_page.py:66: in active_confirmation\n    condition = self.check_element_is_clickable(MainPageLocators.CONFIRMATION)\n                ^^^^^^^^^^^^^^^^^^^^^^^^^^^^^^^^^^^^^^^^^^^^^^^^^^^^^^^^^^^^^^\nproject/pages/base_page.py:79: in check_element_is_clickable\n    self.wait.until(ec.element_to_be_clickable(locator))\n_ _ _ _ _ _ _ _ _ _ _ _ _ _ _ _ _ _ _ _ _ _ _ _ _ _ _ _ _ _ _ _ _ _ _ _ _ _ _ _ _ _ _ _ _ _ _ _ _ _ _ _ _ _ _ _ _ _ _ _ _ _ _ _ _ _ _ _ _ _ _ _ _ _ _ _ _ _ _ _ _ _ _ _ _ _ _ _ \n\nself = <selenium.webdriver.support.wait.WebDriverWait (session=\"19ae1d81e61eedeca95c4319dc8cfffd\")>\nmethod = <function element_to_be_clickable.<locals>._predicate at 0x1059c4ae0>, message = ''\n\n    def until(self, method: Callable[[D], Union[Literal[False], T]], message: str = \"\") -> T:\n        \"\"\"Wait until the method returns a value that is not False.\n    \n        Calls the method provided with the driver as an argument until the\n        return value does not evaluate to ``False``.\n    \n        Parameters:\n        -----------\n        method: callable(WebDriver)\n            - A callable object that takes a WebDriver instance as an argument.\n    \n        message: str\n            - Optional message for :exc:`TimeoutException`\n    \n        Return:\n        -------\n        object: T\n            - The result of the last call to `method`\n    \n        Raises:\n        -------\n        TimeoutException\n            - If 'method' does not return a truthy value within the WebDriverWait\n            object's timeout\n    \n        Example:\n        --------\n        >>> from selenium.webdriver.common.by import By\n        >>> from selenium.webdriver.support.ui import WebDriverWait\n        >>> from selenium.webdriver.support import expected_conditions as EC\n    \n        # Wait until an element is visible on the page\n        >>> wait = WebDriverWait(driver, 10)\n        >>> element = wait.until(EC.visibility_of_element_located((By.ID, \"exampleId\")))\n        >>> print(element.text)\n        \"\"\"\n        screen = None\n        stacktrace = None\n    \n        end_time = time.monotonic() + self._timeout\n        while True:\n            try:\n                value = method(self._driver)\n                if value:\n                    return value\n            except self._ignored_exceptions as exc:\n                screen = getattr(exc, \"screen\", None)\n                stacktrace = getattr(exc, \"stacktrace\", None)\n            if time.monotonic() > end_time:\n                break\n            time.sleep(self._poll)\n>       raise TimeoutException(message, screen, stacktrace)\nE       selenium.common.exceptions.TimeoutException: Message: \nE       Stacktrace:\nE       0   chromedriver                        0x0000000102b7f668 cxxbridge1$str$ptr + 2882776\nE       1   chromedriver                        0x0000000102b77594 cxxbridge1$str$ptr + 2849796\nE       2   chromedriver                        0x00000001026a10dc _RNvCslE4myv9Sbr3_7___rustc35___rust_no_alloc_shim_is_unstable_v2 + 73436\nE       3   chromedriver                        0x00000001026e8474 _RNvCslE4myv9Sbr3_7___rustc35___rust_no_alloc_shim_is_unstable_v2 + 365172\nE       4   chromedriver                        0x000000010272966c _RNvCslE4myv9Sbr3_7___rustc35___rust_no_alloc_shim_is_unstable_v2 + 631916\nE       5   chromedriver                        0x00000001026dc130 _RNvCslE4myv9Sbr3_7___rustc35___rust_no_alloc_shim_is_unstable_v2 + 315184\nE       6   chromedriver                        0x0000000102b43b98 cxxbridge1$str$ptr + 2638344\nE       7   chromedriver                        0x0000000102b46db0 cxxbridge1$str$ptr + 2651168\nE       8   chromedriver                        0x0000000102b24634 cxxbridge1$str$ptr + 2509988\nE       9   chromedriver                        0x0000000102b4765c cxxbridge1$str$ptr + 2653388\nE       10  chromedriver                        0x0000000102b15dd0 cxxbridge1$str$ptr + 2450496\nE       11  chromedriver                        0x0000000102b66ee4 cxxbridge1$str$ptr + 2782548\nE       12  chromedriver                        0x0000000102b67064 cxxbridge1$str$ptr + 2782932\nE       13  chromedriver                        0x0000000102b771e0 cxxbridge1$str$ptr + 2848848\nE       14  libsystem_pthread.dylib             0x000000018bc9fc0c _pthread_start + 136\nE       15  libsystem_pthread.dylib             0x000000018bc9ab80 thread_start + 8\n\n.venv/lib/python3.11/site-packages/selenium/webdriver/support/wait.py:138: TimeoutException"}, "steps": [{"name": "В тарифе Свой активна кнопка Забронировать", "status": "broken", "statusDetails": {"message": "selenium.common.exceptions.TimeoutException: Message: \nStacktrace:\n0   chromedriver                        0x0000000102b7f668 cxxbridge1$str$ptr + 2882776\n1   chromedriver                        0x0000000102b77594 cxxbridge1$str$ptr + 2849796\n2   chromedriver                        0x00000001026a10dc _RNvCslE4myv9Sbr3_7___rustc35___rust_no_alloc_shim_is_unstable_v2 + 73436\n3   chromedriver                        0x00000001026e8474 _RNvCslE4myv9Sbr3_7___rustc35___rust_no_alloc_shim_is_unstable_v2 + 365172\n4   chromedriver                        0x000000010272966c _RNvCslE4myv9Sbr3_7___rustc35___rust_no_alloc_shim_is_unstable_v2 + 631916\n5   chromedriver                        0x00000001026dc130 _RNvCslE4myv9Sbr3_7___rustc35___rust_no_alloc_shim_is_unstable_v2 + 315184\n6   chromedriver                        0x0000000102b43b98 cxxbridge1$str$ptr + 2638344\n7   chromedriver                        0x0000000102b46db0 cxxbridge1$str$ptr + 2651168\n8   chromedriver                        0x0000000102b24634 cxxbridge1$str$ptr + 2509988\n9   chromedriver                        0x0000000102b4765c cxxbridge1$str$ptr + 2653388\n10  chromedriver                        0x0000000102b15dd0 cxxbridge1$str$ptr + 2450496\n11  chromedriver                        0x0000000102b66ee4 cxxbridge1$str$ptr + 2782548\n12  chromedriver                        0x0000000102b67064 cxxbridge1$str$ptr + 2782932\n13  chromedriver                        0x0000000102b771e0 cxxbridge1$str$ptr + 2848848\n14  libsystem_pthread.dylib             0x000000018bc9fc0c _pthread_start + 136\n15  libsystem_pthread.dylib             0x000000018bc9ab80 thread_start + 8\n\n", "trace": "  File \"/Users/andreyshnyrin/PycharmProjects/Sprint_10/.venv/lib/python3.11/site-packages/allure_commons/_allure.py\", line 202, in impl\n    return func(*a, **kw)\n           ^^^^^^^^^^^^^^\n  File \"/Users/andreyshnyrin/PycharmProjects/Sprint_10/project/pages/main_page.py\", line 66, in active_confirmation\n    condition = self.check_element_is_clickable(MainPageLocators.CONFIRMATION)\n                ^^^^^^^^^^^^^^^^^^^^^^^^^^^^^^^^^^^^^^^^^^^^^^^^^^^^^^^^^^^^^^\n  File \"/Users/andreyshnyrin/PycharmProjects/Sprint_10/.venv/lib/python3.11/site-packages/allure_commons/_allure.py\", line 202, in impl\n    return func(*a, **kw)\n           ^^^^^^^^^^^^^^\n  File \"/Users/andreyshnyrin/PycharmProjects/Sprint_10/project/pages/base_page.py\", line 79, in check_element_is_clickable\n    self.wait.until(ec.element_to_be_clickable(locator))\n  File \"/Users/andreyshnyrin/PycharmProjects/Sprint_10/.venv/lib/python3.11/site-packages/selenium/webdriver/support/wait.py\", line 138, in until\n    raise TimeoutException(message, screen, stacktrace)\n"}, "steps": [{"name": "Вводим адреса отправления и назначения", "status": "passed", "steps": [{"name": "Ввести текст в поле ввода", "status": "passed", "steps": [{"name": "Поиск элемента с ожиданием пока не будет виден", "status": "passed", "parameters": [{"name": "locator", "value": "('xpath', '//input[@id=\"from\"]')"}], "start": 1758437643825, "stop": 1758437643910}], "parameters": [{"name": "locator", "value": "('xpath', '//input[@id=\"from\"]')"}, {"name": "text", "value": "'Хамовнический вал, 34'"}], "start": 1758437643825, "stop": 1758437644003}, {"name": "Ввести текст в поле ввода", "status": "passed", "steps": [{"name": "Поиск элемента с ожиданием пока не будет виден", "status": "passed", "parameters": [{"name": "locator", "value": "('xpath', '//input[@id=\"to\"]')"}], "start": 1758437644003, "stop": 1758437644016}], "parameters": [{"name": "locator", "value": "('xpath', '//input[@id=\"to\"]')"}, {"name": "text", "value": "'Зубовский бульвар, 37'"}], "start": 1758437644003, "stop": 1758437644078}], "parameters": [{"name": "from_address", "value": "'Хамовнический вал, 34'"}, {"name": "to_address", "value": "'Зубовский бульвар, 37'"}], "start": 1758437643825, "stop": 1758437644078}, {"name": "Кликнуть на элемент", "status": "passed", "steps": [{"name": "Поиск элемента с ожиданием пока не будет виден", "status": "passed", "parameters": [{"name": "locator", "value": "('xpath', '//div[text()=\"Свой\"]')"}], "start": 1758437644078, "stop": 1758437644094}], "parameters": [{"name": "locator", "value": "('xpath', '//div[text()=\"Свой\"]')"}], "start": 1758437644078, "stop": 1758437644125}, {"name": "Кликнуть на элемент", "status": "passed", "steps": [{"name": "Поиск элемента с ожиданием пока не будет виден", "status": "passed", "parameters": [{"name": "locator", "value": "('xpath', '//img[contains(@src,\"drive\")]')"}], "start": 1758437644125, "stop": 1758437644141}], "parameters": [{"name": "locator", "value": "('xpath', '//img[contains(@src,\"drive\")]')"}], "start": 1758437644125, "stop": 1758437644196}, {"name": "Проверить кликабельность элемента", "status": "broken", "statusDetails": {"message": "selenium.common.exceptions.TimeoutException: Message: \nStacktrace:\n0   chromedriver                        0x0000000102b7f668 cxxbridge1$str$ptr + 2882776\n1   chromedriver                        0x0000000102b77594 cxxbridge1$str$ptr + 2849796\n2   chromedriver                        0x00000001026a10dc _RNvCslE4myv9Sbr3_7___rustc35___rust_no_alloc_shim_is_unstable_v2 + 73436\n3   chromedriver                        0x00000001026e8474 _RNvCslE4myv9Sbr3_7___rustc35___rust_no_alloc_shim_is_unstable_v2 + 365172\n4   chromedriver                        0x000000010272966c _RNvCslE4myv9Sbr3_7___rustc35___rust_no_alloc_shim_is_unstable_v2 + 631916\n5   chromedriver                        0x00000001026dc130 _RNvCslE4myv9Sbr3_7___rustc35___rust_no_alloc_shim_is_unstable_v2 + 315184\n6   chromedriver                        0x0000000102b43b98 cxxbridge1$str$ptr + 2638344\n7   chromedriver                        0x0000000102b46db0 cxxbridge1$str$ptr + 2651168\n8   chromedriver                        0x0000000102b24634 cxxbridge1$str$ptr + 2509988\n9   chromedriver                        0x0000000102b4765c cxxbridge1$str$ptr + 2653388\n10  chromedriver                        0x0000000102b15dd0 cxxbridge1$str$ptr + 2450496\n11  chromedriver                        0x0000000102b66ee4 cxxbridge1$str$ptr + 2782548\n12  chromedriver                        0x0000000102b67064 cxxbridge1$str$ptr + 2782932\n13  chromedriver                        0x0000000102b771e0 cxxbridge1$str$ptr + 2848848\n14  libsystem_pthread.dylib             0x000000018bc9fc0c _pthread_start + 136\n15  libsystem_pthread.dylib             0x000000018bc9ab80 thread_start + 8\n\n", "trace": "  File \"/Users/andreyshnyrin/PycharmProjects/Sprint_10/.venv/lib/python3.11/site-packages/allure_commons/_allure.py\", line 202, in impl\n    return func(*a, **kw)\n           ^^^^^^^^^^^^^^\n  File \"/Users/andreyshnyrin/PycharmProjects/Sprint_10/project/pages/base_page.py\", line 79, in check_element_is_clickable\n    self.wait.until(ec.element_to_be_clickable(locator))\n  File \"/Users/andreyshnyrin/PycharmProjects/Sprint_10/.venv/lib/python3.11/site-packages/selenium/webdriver/support/wait.py\", line 138, in until\n    raise TimeoutException(message, screen, stacktrace)\n"}, "parameters": [{"name": "locator", "value": "('xpath', '//button[text()=\"Забронировать\"]')"}], "start": 1758437644196, "stop": 1758437649392}], "start": 1758437643825, "stop": 1758437649392}], "start": 1758437643825, "stop": 1758437649395, "uuid": "4770b302-883f-4979-8c5c-96e3526f9d15", "historyId": "1a29ed74e5898b0995ec0e59968cd73f", "testCaseId": "1a29ed74e5898b0995ec0e59968cd73f", "fullName": "project.tests.test_main_page.TestMainPage#test_active_confirmation", "labels": [{"name": "parentSuite", "value": "project.tests"}, {"name": "suite", "value": "test_main_page"}, {"name": "subSuite", "value": "TestMainPage"}, {"name": "host", "value": "MacBook-Pro-Andrej.local"}, {"name": "thread", "value": "9635-MainThread"}, {"name": "framework", "value": "pytest"}, {"name": "language", "value": "cpython3"}, {"name": "package", "value": "project.tests.test_main_page"}], "titlePath": ["project", "tests", "test_main_page.py", "TestMainPage"]}