{"name": "Проверка описания маршрута c названием Разговорчивый", "status": "skipped", "statusDetails": {"message": "XFAIL У тарифа разговорчивый описание от сонный\n\nAssertionError: Тариф Разговорчивый имеет неправильное описание\nassert 'Разговорчивы...о не выспался' == 'Разговорчивы...дят из головы'\n  \n  \u001b[0m\u001b[91m- Разговорчивый - Если мысли не выходят из головы\u001b[39;49;00m\u001b[90m\u001b[39;49;00m\n  \u001b[92m+ Разговорчивый - Для тех, кто не выспался\u001b[39;49;00m\u001b[90m\u001b[39;49;00m", "trace": "self = <project.tests.test_call_taxi_page.TestCallTaxiPage object at 0x1048f2d50>, call_taxi_page = <project.pages.call_taxi_page.CallTaxiPage object at 0x104965fd0>\ntaxi_title = 'Разговорчивый', expected_tarif_description = 'Разговорчивый - Если мысли не выходят из головы'\n\n    @pytest.mark.parametrize(\n        'taxi_title, expected_tarif_description',\n        [\n            pytest.param(*Data.DATA_1, marks=pytest.mark.xfail(reason=\"У тарифа сонный описание от разговорчивый\")),\n            Data.DATA_2,\n            pytest.param(*Data.DATA_3, marks=pytest.mark.xfail(reason=\"У тарифа разговорчивый описание от сонный\")),\n            Data.DATA_4,\n            Data.DATA_5,\n            Data.DATA_6\n        ]\n    )\n    @allure.title(\"Проверка описания маршрута c названием {taxi_title}\")\n    def test_modal_window_with_description_tarif(self, call_taxi_page, taxi_title, expected_tarif_description):\n        actual_tarif_description = call_taxi_page.modal_window_with_description_tarif(taxi_title)\n>       assert actual_tarif_description == expected_tarif_description, f\"Тариф {taxi_title} имеет неправильное описание\"\nE       AssertionError: Тариф Разговорчивый имеет неправильное описание\nE       assert 'Разговорчивы...о не выспался' == 'Разговорчивы...дят из головы'\nE         \nE         \u001b[0m\u001b[91m- Разговорчивый - Если мысли не выходят из головы\u001b[39;49;00m\u001b[90m\u001b[39;49;00m\nE         \u001b[92m+ Разговорчивый - Для тех, кто не выспался\u001b[39;49;00m\u001b[90m\u001b[39;49;00m\n\nproject/tests/test_call_taxi_page.py:33: AssertionError"}, "steps": [{"name": "Кликнуть на элемент", "status": "passed", "steps": [{"name": "Поиск элемента с ожиданием пока не будет виден", "status": "passed", "parameters": [{"name": "locator", "value": "('xpath', '//div[@class=\"tcard-title\" and text()=\"Разговорчивый\"]')"}], "start": 1758442651581, "stop": 1758442652104}], "parameters": [{"name": "locator", "value": "('xpath', '//div[@class=\"tcard-title\" and text()=\"Разговорчивый\"]')"}], "start": 1758442651581, "stop": 1758442652129}, {"name": "Поиск элемента с ожиданием пока не будет виден", "status": "passed", "parameters": [{"name": "locator", "value": "('xpath', '//div[@class=\"tcard active\"]/button')"}], "start": 1758442652129, "stop": 1758442652143}, {"name": "Навести на элемент", "status": "passed", "parameters": [{"name": "element", "value": "<selenium.webdriver.remote.webelement.WebElement (session=\"c405058323cdecab5a2587653b0265ab\", element=\"f.4A942CEE27E67D4F8A1BC2743A76B54F.d.0CBF72FE92E3B5F3B2514DB75B44B5A6.e.63\")>"}], "start": 1758442652143, "stop": 1758442652406}, {"name": "Поиск элемента с ожиданием пока не будет виден", "status": "passed", "parameters": [{"name": "locator", "value": "('css selector', 'div.tcard.active div.i-title')"}], "start": 1758442652406, "stop": 1758442652421}, {"name": "Получить текст из элемента", "status": "passed", "steps": [{"name": "Поиск элемента с ожиданием пока не будет виден", "status": "passed", "parameters": [{"name": "locator", "value": "('css selector', 'div.tcard.active div.i-title')"}], "start": 1758442652421, "stop": 1758442652432}], "parameters": [{"name": "locator", "value": "('css selector', 'div.tcard.active div.i-title')"}], "start": 1758442652421, "stop": 1758442652440}, {"name": "Навести на элемент", "status": "passed", "parameters": [{"name": "element", "value": "<selenium.webdriver.remote.webelement.WebElement (session=\"c405058323cdecab5a2587653b0265ab\", element=\"f.4A942CEE27E67D4F8A1BC2743A76B54F.d.0CBF72FE92E3B5F3B2514DB75B44B5A6.e.63\")>"}], "start": 1758442652440, "stop": 1758442652707}, {"name": "Поиск элемента с ожиданием пока не будет виден", "status": "passed", "parameters": [{"name": "locator", "value": "('css selector', 'div.tcard.active div.i-dPrefix')"}], "start": 1758442652707, "stop": 1758442652729}, {"name": "Получить текст из элемента", "status": "passed", "steps": [{"name": "Поиск элемента с ожиданием пока не будет виден", "status": "passed", "parameters": [{"name": "locator", "value": "('css selector', 'div.tcard.active div.i-dPrefix')"}], "start": 1758442652730, "stop": 1758442652740}], "parameters": [{"name": "locator", "value": "('css selector', 'div.tcard.active div.i-dPrefix')"}], "start": 1758442652730, "stop": 1758442652744}], "parameters": [{"name": "taxi_title", "value": "'Разговорчивый'"}, {"name": "expected_tarif_description", "value": "'Разговорчивый - Если мысли не выходят из головы'"}], "start": 1758442651581, "stop": 1758442652745, "uuid": "7b072752-18d0-4809-b586-08b7e063b9be", "historyId": "5d38169fc8468cde725e74da1a4c1c30", "testCaseId": "11b8747eb05c75fc49596947a902aadf", "fullName": "project.tests.test_call_taxi_page.TestCallTaxiPage#test_modal_window_with_description_tarif", "labels": [{"name": "parentSuite", "value": "project.tests"}, {"name": "suite", "value": "test_call_taxi_page"}, {"name": "subSuite", "value": "TestCallTaxiPage"}, {"name": "host", "value": "MacBook-Pro-Andrej.local"}, {"name": "thread", "value": "14536-MainThread"}, {"name": "framework", "value": "pytest"}, {"name": "language", "value": "cpython3"}, {"name": "package", "value": "project.tests.test_call_taxi_page"}], "titlePath": ["project", "tests", "test_call_taxi_page.py", "TestCallTaxiPage"]}