{"uuid": "4499c39f-f70d-45d5-adaa-530ada5ed03c", "children": ["27bcad5e-075a-4d0b-a288-8039199a6ecb"], "befores": [{"name": "call_taxi_page", "status": "broken", "statusDetails": {"message": "selenium.common.exceptions.TimeoutException: Message: \nStacktrace:\n0   chromedriver                        0x0000000100f8f668 cxxbridge1$str$ptr + 2882776\n1   chromedriver                        0x0000000100f87594 cxxbridge1$str$ptr + 2849796\n2   chromedriver                        0x0000000100ab10dc _RNvCslE4myv9Sbr3_7___rustc35___rust_no_alloc_shim_is_unstable_v2 + 73436\n3   chromedriver                        0x0000000100af8474 _RNvCslE4myv9Sbr3_7___rustc35___rust_no_alloc_shim_is_unstable_v2 + 365172\n4   chromedriver                        0x0000000100b3966c _RNvCslE4myv9Sbr3_7___rustc35___rust_no_alloc_shim_is_unstable_v2 + 631916\n5   chromedriver                        0x0000000100aec130 _RNvCslE4myv9Sbr3_7___rustc35___rust_no_alloc_shim_is_unstable_v2 + 315184\n6   chromedriver                        0x0000000100f53b98 cxxbridge1$str$ptr + 2638344\n7   chromedriver                        0x0000000100f56db0 cxxbridge1$str$ptr + 2651168\n8   chromedriver                        0x0000000100f34634 cxxbridge1$str$ptr + 2509988\n9   chromedriver                        0x0000000100f5765c cxxbridge1$str$ptr + 2653388\n10  chromedriver                        0x0000000100f25dd0 cxxbridge1$str$ptr + 2450496\n11  chromedriver                        0x0000000100f76ee4 cxxbridge1$str$ptr + 2782548\n12  chromedriver                        0x0000000100f77064 cxxbridge1$str$ptr + 2782932\n13  chromedriver                        0x0000000100f871e0 cxxbridge1$str$ptr + 2848848\n14  libsystem_pthread.dylib             0x000000018bc9fc0c _pthread_start + 136\n15  libsystem_pthread.dylib             0x000000018bc9ab80 thread_start + 8\n\n", "trace": "  File \"/Users/andreyshnyrin/PycharmProjects/Sprint_10/.venv/lib/python3.11/site-packages/pluggy/_callers.py\", line 38, in run_old_style_hookwrapper\n    res = yield\n          ^^^^^\n  File \"/Users/andreyshnyrin/PycharmProjects/Sprint_10/.venv/lib/python3.11/site-packages/pluggy/_callers.py\", line 139, in _multicall\n    teardown.throw(exception)\n  File \"/Users/andreyshnyrin/PycharmProjects/Sprint_10/.venv/lib/python3.11/site-packages/_pytest/setuponly.py\", line 36, in pytest_fixture_setup\n    return (yield)\n            ^^^^^\n  File \"/Users/andreyshnyrin/PycharmProjects/Sprint_10/.venv/lib/python3.11/site-packages/pluggy/_callers.py\", line 121, in _multicall\n    res = hook_impl.function(*args)\n          ^^^^^^^^^^^^^^^^^^^^^^^^^\n  File \"/Users/andreyshnyrin/PycharmProjects/Sprint_10/.venv/lib/python3.11/site-packages/_pytest/fixtures.py\", line 1195, in pytest_fixture_setup\n    result = call_fixture_func(fixturefunc, request, kwargs)\n             ^^^^^^^^^^^^^^^^^^^^^^^^^^^^^^^^^^^^^^^^^^^^^^^\n  File \"/Users/andreyshnyrin/PycharmProjects/Sprint_10/.venv/lib/python3.11/site-packages/_pytest/fixtures.py\", line 929, in call_fixture_func\n    fixture_result = fixturefunc(**kwargs)\n                     ^^^^^^^^^^^^^^^^^^^^^\n  File \"/Users/andreyshnyrin/PycharmProjects/Sprint_10/project/tests/conftest.py\", line 27, in call_taxi_page\n    page.confirm_order_taxi()\n  File \"/Users/andreyshnyrin/PycharmProjects/Sprint_10/.venv/lib/python3.11/site-packages/allure_commons/_allure.py\", line 202, in impl\n    return func(*a, **kw)\n           ^^^^^^^^^^^^^^\n  File \"/Users/andreyshnyrin/PycharmProjects/Sprint_10/project/pages/base_page.py\", line 100, in confirm_order_taxi\n    self.click_on_element(MainPageLocators.CALL_TAXI)\n  File \"/Users/andreyshnyrin/PycharmProjects/Sprint_10/.venv/lib/python3.11/site-packages/allure_commons/_allure.py\", line 202, in impl\n    return func(*a, **kw)\n           ^^^^^^^^^^^^^^\n  File \"/Users/andreyshnyrin/PycharmProjects/Sprint_10/project/pages/base_page.py\", line 74, in click_on_element\n    self.find_element_with_wait(locator).click()\n    ^^^^^^^^^^^^^^^^^^^^^^^^^^^^^^^^^^^^\n  File \"/Users/andreyshnyrin/PycharmProjects/Sprint_10/.venv/lib/python3.11/site-packages/allure_commons/_allure.py\", line 202, in impl\n    return func(*a, **kw)\n           ^^^^^^^^^^^^^^\n  File \"/Users/andreyshnyrin/PycharmProjects/Sprint_10/project/pages/base_page.py\", line 19, in find_element_with_wait\n    self.wait.until(ec.visibility_of_element_located(locator))\n  File \"/Users/andreyshnyrin/PycharmProjects/Sprint_10/.venv/lib/python3.11/site-packages/selenium/webdriver/support/wait.py\", line 138, in until\n    raise TimeoutException(message, screen, stacktrace)\n"}, "steps": [{"name": "Вводим адреса отправления и назначения", "status": "passed", "steps": [{"name": "Ввести текст в поле ввода", "status": "passed", "steps": [{"name": "Поиск элемента с ожиданием пока не будет виден", "status": "passed", "parameters": [{"name": "locator", "value": "('xpath', '//input[@id=\"from\"]')"}], "start": 1758442764275, "stop": 1758442764365}], "parameters": [{"name": "locator", "value": "('xpath', '//input[@id=\"from\"]')"}, {"name": "text", "value": "'Хамовнический вал, 34'"}], "start": 1758442764275, "stop": 1758442764485}, {"name": "Ввести текст в поле ввода", "status": "passed", "steps": [{"name": "Поиск элемента с ожиданием пока не будет виден", "status": "passed", "parameters": [{"name": "locator", "value": "('xpath', '//input[@id=\"to\"]')"}], "start": 1758442764485, "stop": 1758442764496}], "parameters": [{"name": "locator", "value": "('xpath', '//input[@id=\"to\"]')"}, {"name": "text", "value": "'Зубовский бульвар, 37'"}], "start": 1758442764485, "stop": 1758442764553}], "parameters": [{"name": "from_address", "value": "'Хамовнический вал, 34'"}, {"name": "to_address", "value": "'Зубовский бульвар, 37'"}], "start": 1758442764275, "stop": 1758442764553}, {"name": "Нажать на элемент Заказать такси", "status": "broken", "statusDetails": {"message": "selenium.common.exceptions.TimeoutException: Message: \nStacktrace:\n0   chromedriver                        0x0000000100f8f668 cxxbridge1$str$ptr + 2882776\n1   chromedriver                        0x0000000100f87594 cxxbridge1$str$ptr + 2849796\n2   chromedriver                        0x0000000100ab10dc _RNvCslE4myv9Sbr3_7___rustc35___rust_no_alloc_shim_is_unstable_v2 + 73436\n3   chromedriver                        0x0000000100af8474 _RNvCslE4myv9Sbr3_7___rustc35___rust_no_alloc_shim_is_unstable_v2 + 365172\n4   chromedriver                        0x0000000100b3966c _RNvCslE4myv9Sbr3_7___rustc35___rust_no_alloc_shim_is_unstable_v2 + 631916\n5   chromedriver                        0x0000000100aec130 _RNvCslE4myv9Sbr3_7___rustc35___rust_no_alloc_shim_is_unstable_v2 + 315184\n6   chromedriver                        0x0000000100f53b98 cxxbridge1$str$ptr + 2638344\n7   chromedriver                        0x0000000100f56db0 cxxbridge1$str$ptr + 2651168\n8   chromedriver                        0x0000000100f34634 cxxbridge1$str$ptr + 2509988\n9   chromedriver                        0x0000000100f5765c cxxbridge1$str$ptr + 2653388\n10  chromedriver                        0x0000000100f25dd0 cxxbridge1$str$ptr + 2450496\n11  chromedriver                        0x0000000100f76ee4 cxxbridge1$str$ptr + 2782548\n12  chromedriver                        0x0000000100f77064 cxxbridge1$str$ptr + 2782932\n13  chromedriver                        0x0000000100f871e0 cxxbridge1$str$ptr + 2848848\n14  libsystem_pthread.dylib             0x000000018bc9fc0c _pthread_start + 136\n15  libsystem_pthread.dylib             0x000000018bc9ab80 thread_start + 8\n\n", "trace": "  File \"/Users/andreyshnyrin/PycharmProjects/Sprint_10/.venv/lib/python3.11/site-packages/allure_commons/_allure.py\", line 202, in impl\n    return func(*a, **kw)\n           ^^^^^^^^^^^^^^\n  File \"/Users/andreyshnyrin/PycharmProjects/Sprint_10/project/pages/base_page.py\", line 100, in confirm_order_taxi\n    self.click_on_element(MainPageLocators.CALL_TAXI)\n  File \"/Users/andreyshnyrin/PycharmProjects/Sprint_10/.venv/lib/python3.11/site-packages/allure_commons/_allure.py\", line 202, in impl\n    return func(*a, **kw)\n           ^^^^^^^^^^^^^^\n  File \"/Users/andreyshnyrin/PycharmProjects/Sprint_10/project/pages/base_page.py\", line 74, in click_on_element\n    self.find_element_with_wait(locator).click()\n    ^^^^^^^^^^^^^^^^^^^^^^^^^^^^^^^^^^^^\n  File \"/Users/andreyshnyrin/PycharmProjects/Sprint_10/.venv/lib/python3.11/site-packages/allure_commons/_allure.py\", line 202, in impl\n    return func(*a, **kw)\n           ^^^^^^^^^^^^^^\n  File \"/Users/andreyshnyrin/PycharmProjects/Sprint_10/project/pages/base_page.py\", line 19, in find_element_with_wait\n    self.wait.until(ec.visibility_of_element_located(locator))\n  File \"/Users/andreyshnyrin/PycharmProjects/Sprint_10/.venv/lib/python3.11/site-packages/selenium/webdriver/support/wait.py\", line 138, in until\n    raise TimeoutException(message, screen, stacktrace)\n"}, "steps": [{"name": "Кликнуть на элемент", "status": "broken", "statusDetails": {"message": "selenium.common.exceptions.TimeoutException: Message: \nStacktrace:\n0   chromedriver                        0x0000000100f8f668 cxxbridge1$str$ptr + 2882776\n1   chromedriver                        0x0000000100f87594 cxxbridge1$str$ptr + 2849796\n2   chromedriver                        0x0000000100ab10dc _RNvCslE4myv9Sbr3_7___rustc35___rust_no_alloc_shim_is_unstable_v2 + 73436\n3   chromedriver                        0x0000000100af8474 _RNvCslE4myv9Sbr3_7___rustc35___rust_no_alloc_shim_is_unstable_v2 + 365172\n4   chromedriver                        0x0000000100b3966c _RNvCslE4myv9Sbr3_7___rustc35___rust_no_alloc_shim_is_unstable_v2 + 631916\n5   chromedriver                        0x0000000100aec130 _RNvCslE4myv9Sbr3_7___rustc35___rust_no_alloc_shim_is_unstable_v2 + 315184\n6   chromedriver                        0x0000000100f53b98 cxxbridge1$str$ptr + 2638344\n7   chromedriver                        0x0000000100f56db0 cxxbridge1$str$ptr + 2651168\n8   chromedriver                        0x0000000100f34634 cxxbridge1$str$ptr + 2509988\n9   chromedriver                        0x0000000100f5765c cxxbridge1$str$ptr + 2653388\n10  chromedriver                        0x0000000100f25dd0 cxxbridge1$str$ptr + 2450496\n11  chromedriver                        0x0000000100f76ee4 cxxbridge1$str$ptr + 2782548\n12  chromedriver                        0x0000000100f77064 cxxbridge1$str$ptr + 2782932\n13  chromedriver                        0x0000000100f871e0 cxxbridge1$str$ptr + 2848848\n14  libsystem_pthread.dylib             0x000000018bc9fc0c _pthread_start + 136\n15  libsystem_pthread.dylib             0x000000018bc9ab80 thread_start + 8\n\n", "trace": "  File \"/Users/andreyshnyrin/PycharmProjects/Sprint_10/.venv/lib/python3.11/site-packages/allure_commons/_allure.py\", line 202, in impl\n    return func(*a, **kw)\n           ^^^^^^^^^^^^^^\n  File \"/Users/andreyshnyrin/PycharmProjects/Sprint_10/project/pages/base_page.py\", line 74, in click_on_element\n    self.find_element_with_wait(locator).click()\n    ^^^^^^^^^^^^^^^^^^^^^^^^^^^^^^^^^^^^\n  File \"/Users/andreyshnyrin/PycharmProjects/Sprint_10/.venv/lib/python3.11/site-packages/allure_commons/_allure.py\", line 202, in impl\n    return func(*a, **kw)\n           ^^^^^^^^^^^^^^\n  File \"/Users/andreyshnyrin/PycharmProjects/Sprint_10/project/pages/base_page.py\", line 19, in find_element_with_wait\n    self.wait.until(ec.visibility_of_element_located(locator))\n  File \"/Users/andreyshnyrin/PycharmProjects/Sprint_10/.venv/lib/python3.11/site-packages/selenium/webdriver/support/wait.py\", line 138, in until\n    raise TimeoutException(message, screen, stacktrace)\n"}, "steps": [{"name": "Поиск элемента с ожиданием пока не будет виден", "status": "broken", "statusDetails": {"message": "selenium.common.exceptions.TimeoutException: Message: \nStacktrace:\n0   chromedriver                        0x0000000100f8f668 cxxbridge1$str$ptr + 2882776\n1   chromedriver                        0x0000000100f87594 cxxbridge1$str$ptr + 2849796\n2   chromedriver                        0x0000000100ab10dc _RNvCslE4myv9Sbr3_7___rustc35___rust_no_alloc_shim_is_unstable_v2 + 73436\n3   chromedriver                        0x0000000100af8474 _RNvCslE4myv9Sbr3_7___rustc35___rust_no_alloc_shim_is_unstable_v2 + 365172\n4   chromedriver                        0x0000000100b3966c _RNvCslE4myv9Sbr3_7___rustc35___rust_no_alloc_shim_is_unstable_v2 + 631916\n5   chromedriver                        0x0000000100aec130 _RNvCslE4myv9Sbr3_7___rustc35___rust_no_alloc_shim_is_unstable_v2 + 315184\n6   chromedriver                        0x0000000100f53b98 cxxbridge1$str$ptr + 2638344\n7   chromedriver                        0x0000000100f56db0 cxxbridge1$str$ptr + 2651168\n8   chromedriver                        0x0000000100f34634 cxxbridge1$str$ptr + 2509988\n9   chromedriver                        0x0000000100f5765c cxxbridge1$str$ptr + 2653388\n10  chromedriver                        0x0000000100f25dd0 cxxbridge1$str$ptr + 2450496\n11  chromedriver                        0x0000000100f76ee4 cxxbridge1$str$ptr + 2782548\n12  chromedriver                        0x0000000100f77064 cxxbridge1$str$ptr + 2782932\n13  chromedriver                        0x0000000100f871e0 cxxbridge1$str$ptr + 2848848\n14  libsystem_pthread.dylib             0x000000018bc9fc0c _pthread_start + 136\n15  libsystem_pthread.dylib             0x000000018bc9ab80 thread_start + 8\n\n", "trace": "  File \"/Users/andreyshnyrin/PycharmProjects/Sprint_10/.venv/lib/python3.11/site-packages/allure_commons/_allure.py\", line 202, in impl\n    return func(*a, **kw)\n           ^^^^^^^^^^^^^^\n  File \"/Users/andreyshnyrin/PycharmProjects/Sprint_10/project/pages/base_page.py\", line 19, in find_element_with_wait\n    self.wait.until(ec.visibility_of_element_located(locator))\n  File \"/Users/andreyshnyrin/PycharmProjects/Sprint_10/.venv/lib/python3.11/site-packages/selenium/webdriver/support/wait.py\", line 138, in until\n    raise TimeoutException(message, screen, stacktrace)\n"}, "parameters": [{"name": "locator", "value": "('xpath', '//button[text()=\"Вызвать такси\"]')"}], "start": 1758442764553, "stop": 1758442833461}], "parameters": [{"name": "locator", "value": "('xpath', '//button[text()=\"Вызвать такси\"]')"}], "start": 1758442764553, "stop": 1758442833463}], "start": 1758442764553, "stop": 1758442833463}], "start": 1758442764275, "stop": 1758442833464}], "start": 1758442764275, "stop": 1758442833473}