{"name": "Проверка, что отображается элемент ('css selector', 'div.number') в окне ожидания машины", "status": "broken", "statusDetails": {"message": "selenium.common.exceptions.NoSuchElementException: Message: no such element: Unable to locate element: {\"method\":\"xpath\",\"selector\":\"//div[@class=\"order-header-title\" and text()=\"Поиск машины\"]\"}\n  (Session info: chrome=140.0.7339.133); For documentation on this error, please visit: https://www.selenium.dev/documentation/webdriver/troubleshooting/errors#nosuchelementexception\nStacktrace:\n0   chromedriver                        0x00000001005cb668 cxxbridge1$str$ptr + 2882776\n1   chromedriver                        0x00000001005c3594 cxxbridge1$str$ptr + 2849796\n2   chromedriver                        0x00000001000ed0dc _RNvCslE4myv9Sbr3_7___rustc35___rust_no_alloc_shim_is_unstable_v2 + 73436\n3   chromedriver                        0x0000000100134474 _RNvCslE4myv9Sbr3_7___rustc35___rust_no_alloc_shim_is_unstable_v2 + 365172\n4   chromedriver                        0x000000010017566c _RNvCslE4myv9Sbr3_7___rustc35___rust_no_alloc_shim_is_unstable_v2 + 631916\n5   chromedriver                        0x0000000100128130 _RNvCslE4myv9Sbr3_7___rustc35___rust_no_alloc_shim_is_unstable_v2 + 315184\n6   chromedriver                        0x000000010058fb98 cxxbridge1$str$ptr + 2638344\n7   chromedriver                        0x0000000100592db0 cxxbridge1$str$ptr + 2651168\n8   chromedriver                        0x0000000100570634 cxxbridge1$str$ptr + 2509988\n9   chromedriver                        0x000000010059365c cxxbridge1$str$ptr + 2653388\n10  chromedriver                        0x0000000100561dd0 cxxbridge1$str$ptr + 2450496\n11  chromedriver                        0x00000001005b2ee4 cxxbridge1$str$ptr + 2782548\n12  chromedriver                        0x00000001005b3064 cxxbridge1$str$ptr + 2782932\n13  chromedriver                        0x00000001005c31e0 cxxbridge1$str$ptr + 2848848\n14  libsystem_pthread.dylib             0x000000018bc9fc0c _pthread_start + 136\n15  libsystem_pthread.dylib             0x000000018bc9ab80 thread_start + 8", "trace": "self = <project.tests.test_call_taxi_page.TestCallTaxiPage object at 0x105aa7d10>, call_taxi_page = <project.pages.call_taxi_page.CallTaxiPage object at 0x105ab9a50>\nlocator = ('css selector', 'div.number')\n\n    @pytest.mark.parametrize(\n        'locator',\n        [\n            CallTaxiPageLocators.HEADER_OF_FINAL_MODAL,\n            CallTaxiPageLocators.AUTO_NUMBER,\n            CallTaxiPageLocators.AUTO_IMG,\n            CallTaxiPageLocators.DRIVER_FOTO,\n            CallTaxiPageLocators.DRIVER_RAITING,\n            CallTaxiPageLocators.CANCEL,\n            CallTaxiPageLocators.ORDER_DETAILS\n        ]\n    )\n    @allure.title(\"Проверка, что отображается элемент {locator} в окне ожидания машины\")\n    def test_is_check_window_final_order(self,call_taxi_page, locator):\n>       _ = call_taxi_page.is_check_window_waiting_auto(CallTaxiPageLocators.HEADER_OF_MODAL)\n            ^^^^^^^^^^^^^^^^^^^^^^^^^^^^^^^^^^^^^^^^^^^^^^^^^^^^^^^^^^^^^^^^^^^^^^^^^^^^^^^^^\n\nproject/tests/test_call_taxi_page.py:77: \n_ _ _ _ _ _ _ _ _ _ _ _ _ _ _ _ _ _ _ _ _ _ _ _ _ _ _ _ _ _ _ _ _ _ _ _ _ _ _ _ _ _ _ _ _ _ _ _ _ _ _ _ _ _ _ _ _ _ _ _ _ _ _ _ _ _ _ _ _ _ _ _ _ _ _ _ _ _ _ _ _ _ _ _ _ _ _ _ \nproject/pages/call_taxi_page.py:75: in is_check_window_waiting_auto\n    condition = self.check_element_visible(locator)\n                ^^^^^^^^^^^^^^^^^^^^^^^^^^^^^^^^^^^\nproject/pages/base_page.py:67: in check_element_visible\n    _ = self.find_element_with_wait(locator)\n        ^^^^^^^^^^^^^^^^^^^^^^^^^^^^^^^^^^^^\nproject/pages/base_page.py:20: in find_element_with_wait\n    return self.driver.find_element(*locator)\n           ^^^^^^^^^^^^^^^^^^^^^^^^^^^^^^^^^^\n.venv/lib/python3.11/site-packages/selenium/webdriver/remote/webdriver.py:926: in find_element\n    return self.execute(Command.FIND_ELEMENT, {\"using\": by, \"value\": value})[\"value\"]\n           ^^^^^^^^^^^^^^^^^^^^^^^^^^^^^^^^^^^^^^^^^^^^^^^^^^^^^^^^^^^^^^^^^\n.venv/lib/python3.11/site-packages/selenium/webdriver/remote/webdriver.py:458: in execute\n    self.error_handler.check_response(response)\n_ _ _ _ _ _ _ _ _ _ _ _ _ _ _ _ _ _ _ _ _ _ _ _ _ _ _ _ _ _ _ _ _ _ _ _ _ _ _ _ _ _ _ _ _ _ _ _ _ _ _ _ _ _ _ _ _ _ _ _ _ _ _ _ _ _ _ _ _ _ _ _ _ _ _ _ _ _ _ _ _ _ _ _ _ _ _ _ \n\nself = <selenium.webdriver.remote.errorhandler.ErrorHandler object at 0x105aa4dd0>\nresponse = {'status': 404, 'value': '{\"value\":{\"error\":\"no such element\",\"message\":\"no such element: Unable to locate element: {\\...00018bc9fc0c _pthread_start + 136\\\\n15  libsystem_pthread.dylib             0x000000018bc9ab80 thread_start + 8\\\\n\"}}'}\n\n    def check_response(self, response: dict[str, Any]) -> None:\n        \"\"\"Checks that a JSON response from the WebDriver does not have an\n        error.\n    \n        :Args:\n         - response - The JSON response from the WebDriver server as a dictionary\n           object.\n    \n        :Raises: If the response contains an error message.\n        \"\"\"\n        status = response.get(\"status\", None)\n        if not status or status == ErrorCode.SUCCESS:\n            return\n        value = None\n        message = response.get(\"message\", \"\")\n        screen: str = response.get(\"screen\", \"\")\n        stacktrace = None\n        if isinstance(status, int):\n            value_json = response.get(\"value\", None)\n            if value_json and isinstance(value_json, str):\n                try:\n                    value = json.loads(value_json)\n                    if isinstance(value, dict):\n                        if len(value) == 1:\n                            value = value[\"value\"]\n                        status = value.get(\"error\", None)\n                        if not status:\n                            status = value.get(\"status\", ErrorCode.UNKNOWN_ERROR)\n                            message = value.get(\"value\") or value.get(\"message\")\n                            if not isinstance(message, str):\n                                value = message\n                                message = message.get(\"message\")\n                        else:\n                            message = value.get(\"message\", None)\n                except ValueError:\n                    pass\n    \n        exception_class: type[WebDriverException]\n        e = ErrorCode()\n        error_codes = [item for item in dir(e) if not item.startswith(\"__\")]\n        for error_code in error_codes:\n            error_info = getattr(ErrorCode, error_code)\n            if isinstance(error_info, list) and status in error_info:\n                exception_class = getattr(ExceptionMapping, error_code, WebDriverException)\n                break\n        else:\n            exception_class = WebDriverException\n    \n        if not value:\n            value = response[\"value\"]\n        if isinstance(value, str):\n            raise exception_class(value)\n        if message == \"\" and \"message\" in value:\n            message = value[\"message\"]\n    \n        screen = None  # type: ignore[assignment]\n        if \"screen\" in value:\n            screen = value[\"screen\"]\n    \n        stacktrace = None\n        st_value = value.get(\"stackTrace\") or value.get(\"stacktrace\")\n        if st_value:\n            if isinstance(st_value, str):\n                stacktrace = st_value.split(\"\\n\")\n            else:\n                stacktrace = []\n                try:\n                    for frame in st_value:\n                        line = frame.get(\"lineNumber\", \"\")\n                        file = frame.get(\"fileName\", \"<anonymous>\")\n                        if line:\n                            file = f\"{file}:{line}\"\n                        meth = frame.get(\"methodName\", \"<anonymous>\")\n                        if \"className\" in frame:\n                            meth = f\"{frame['className']}.{meth}\"\n                        msg = \"    at %s (%s)\"\n                        msg = msg % (meth, file)\n                        stacktrace.append(msg)\n                except TypeError:\n                    pass\n        if exception_class == UnexpectedAlertPresentException:\n            alert_text = None\n            if \"data\" in value:\n                alert_text = value[\"data\"].get(\"text\")\n            elif \"alert\" in value:\n                alert_text = value[\"alert\"].get(\"text\")\n            raise exception_class(message, screen, stacktrace, alert_text)  # type: ignore[call-arg]  # mypy is not smart enough here\n>       raise exception_class(message, screen, stacktrace)\nE       selenium.common.exceptions.NoSuchElementException: Message: no such element: Unable to locate element: {\"method\":\"xpath\",\"selector\":\"//div[@class=\"order-header-title\" and text()=\"Поиск машины\"]\"}\nE         (Session info: chrome=140.0.7339.133); For documentation on this error, please visit: https://www.selenium.dev/documentation/webdriver/troubleshooting/errors#nosuchelementexception\nE       Stacktrace:\nE       0   chromedriver                        0x00000001005cb668 cxxbridge1$str$ptr + 2882776\nE       1   chromedriver                        0x00000001005c3594 cxxbridge1$str$ptr + 2849796\nE       2   chromedriver                        0x00000001000ed0dc _RNvCslE4myv9Sbr3_7___rustc35___rust_no_alloc_shim_is_unstable_v2 + 73436\nE       3   chromedriver                        0x0000000100134474 _RNvCslE4myv9Sbr3_7___rustc35___rust_no_alloc_shim_is_unstable_v2 + 365172\nE       4   chromedriver                        0x000000010017566c _RNvCslE4myv9Sbr3_7___rustc35___rust_no_alloc_shim_is_unstable_v2 + 631916\nE       5   chromedriver                        0x0000000100128130 _RNvCslE4myv9Sbr3_7___rustc35___rust_no_alloc_shim_is_unstable_v2 + 315184\nE       6   chromedriver                        0x000000010058fb98 cxxbridge1$str$ptr + 2638344\nE       7   chromedriver                        0x0000000100592db0 cxxbridge1$str$ptr + 2651168\nE       8   chromedriver                        0x0000000100570634 cxxbridge1$str$ptr + 2509988\nE       9   chromedriver                        0x000000010059365c cxxbridge1$str$ptr + 2653388\nE       10  chromedriver                        0x0000000100561dd0 cxxbridge1$str$ptr + 2450496\nE       11  chromedriver                        0x00000001005b2ee4 cxxbridge1$str$ptr + 2782548\nE       12  chromedriver                        0x00000001005b3064 cxxbridge1$str$ptr + 2782932\nE       13  chromedriver                        0x00000001005c31e0 cxxbridge1$str$ptr + 2848848\nE       14  libsystem_pthread.dylib             0x000000018bc9fc0c _pthread_start + 136\nE       15  libsystem_pthread.dylib             0x000000018bc9ab80 thread_start + 8\n\n.venv/lib/python3.11/site-packages/selenium/webdriver/remote/errorhandler.py:232: NoSuchElementException"}, "steps": [{"name": "Выбираем тариф Рабочий, включаем чекбокс Столик для ноутбука, нажимаем кнопку Ввести номер и заказать -     Появляется окно ожидания машины (проверить элементы по ТЗ)", "status": "broken", "statusDetails": {"message": "selenium.common.exceptions.NoSuchElementException: Message: no such element: Unable to locate element: {\"method\":\"xpath\",\"selector\":\"//div[@class=\"order-header-title\" and text()=\"Поиск машины\"]\"}\n  (Session info: chrome=140.0.7339.133); For documentation on this error, please visit: https://www.selenium.dev/documentation/webdriver/troubleshooting/errors#nosuchelementexception\nStacktrace:\n0   chromedriver                        0x00000001005cb668 cxxbridge1$str$ptr + 2882776\n1   chromedriver                        0x00000001005c3594 cxxbridge1$str$ptr + 2849796\n2   chromedriver                        0x00000001000ed0dc _RNvCslE4myv9Sbr3_7___rustc35___rust_no_alloc_shim_is_unstable_v2 + 73436\n3   chromedriver                        0x0000000100134474 _RNvCslE4myv9Sbr3_7___rustc35___rust_no_alloc_shim_is_unstable_v2 + 365172\n4   chromedriver                        0x000000010017566c _RNvCslE4myv9Sbr3_7___rustc35___rust_no_alloc_shim_is_unstable_v2 + 631916\n5   chromedriver                        0x0000000100128130 _RNvCslE4myv9Sbr3_7___rustc35___rust_no_alloc_shim_is_unstable_v2 + 315184\n6   chromedriver                        0x000000010058fb98 cxxbridge1$str$ptr + 2638344\n7   chromedriver                        0x0000000100592db0 cxxbridge1$str$ptr + 2651168\n8   chromedriver                        0x0000000100570634 cxxbridge1$str$ptr + 2509988\n9   chromedriver                        0x000000010059365c cxxbridge1$str$ptr + 2653388\n10  chromedriver                        0x0000000100561dd0 cxxbridge1$str$ptr + 2450496\n11  chromedriver                        0x00000001005b2ee4 cxxbridge1$str$ptr + 2782548\n12  chromedriver                        0x00000001005b3064 cxxbridge1$str$ptr + 2782932\n13  chromedriver                        0x00000001005c31e0 cxxbridge1$str$ptr + 2848848\n14  libsystem_pthread.dylib             0x000000018bc9fc0c _pthread_start + 136\n15  libsystem_pthread.dylib             0x000000018bc9ab80 thread_start + 8\n\n", "trace": "  File \"/Users/andreyshnyrin/PycharmProjects/Sprint_10/.venv/lib/python3.11/site-packages/allure_commons/_allure.py\", line 202, in impl\n    return func(*a, **kw)\n           ^^^^^^^^^^^^^^\n  File \"/Users/andreyshnyrin/PycharmProjects/Sprint_10/project/pages/call_taxi_page.py\", line 75, in is_check_window_waiting_auto\n    condition = self.check_element_visible(locator)\n                ^^^^^^^^^^^^^^^^^^^^^^^^^^^^^^^^^^^\n  File \"/Users/andreyshnyrin/PycharmProjects/Sprint_10/.venv/lib/python3.11/site-packages/allure_commons/_allure.py\", line 202, in impl\n    return func(*a, **kw)\n           ^^^^^^^^^^^^^^\n  File \"/Users/andreyshnyrin/PycharmProjects/Sprint_10/project/pages/base_page.py\", line 67, in check_element_visible\n    _ = self.find_element_with_wait(locator)\n        ^^^^^^^^^^^^^^^^^^^^^^^^^^^^^^^^^^^^\n  File \"/Users/andreyshnyrin/PycharmProjects/Sprint_10/.venv/lib/python3.11/site-packages/allure_commons/_allure.py\", line 202, in impl\n    return func(*a, **kw)\n           ^^^^^^^^^^^^^^\n  File \"/Users/andreyshnyrin/PycharmProjects/Sprint_10/project/pages/base_page.py\", line 20, in find_element_with_wait\n    return self.driver.find_element(*locator)\n           ^^^^^^^^^^^^^^^^^^^^^^^^^^^^^^^^^^\n  File \"/Users/andreyshnyrin/PycharmProjects/Sprint_10/.venv/lib/python3.11/site-packages/selenium/webdriver/remote/webdriver.py\", line 926, in find_element\n    return self.execute(Command.FIND_ELEMENT, {\"using\": by, \"value\": value})[\"value\"]\n           ^^^^^^^^^^^^^^^^^^^^^^^^^^^^^^^^^^^^^^^^^^^^^^^^^^^^^^^^^^^^^^^^^\n  File \"/Users/andreyshnyrin/PycharmProjects/Sprint_10/.venv/lib/python3.11/site-packages/selenium/webdriver/remote/webdriver.py\", line 458, in execute\n    self.error_handler.check_response(response)\n  File \"/Users/andreyshnyrin/PycharmProjects/Sprint_10/.venv/lib/python3.11/site-packages/selenium/webdriver/remote/errorhandler.py\", line 232, in check_response\n    raise exception_class(message, screen, stacktrace)\n"}, "steps": [{"name": "Кликнуть на элемент", "status": "passed", "steps": [{"name": "Поиск элемента с ожиданием пока не будет виден", "status": "passed", "parameters": [{"name": "locator", "value": "('xpath', '//div[@class=\"tcard-title\" and text()=\"Рабочий\"]')"}], "start": 1758437429528, "stop": 1758437429550}], "parameters": [{"name": "locator", "value": "('xpath', '//div[@class=\"tcard-title\" and text()=\"Рабочий\"]')"}], "start": 1758437429528, "stop": 1758437429585}, {"name": "Проскроллить до элемента", "status": "passed", "parameters": [{"name": "locator", "value": "('xpath', '//div[@class=\"reqs\"]')"}], "start": 1758437429585, "stop": 1758437429606}, {"name": "Кликнуть на элемент", "status": "passed", "steps": [{"name": "Поиск элемента с ожиданием пока не будет виден", "status": "passed", "parameters": [{"name": "locator", "value": "('xpath', '//div[@class=\"reqs\"]')"}], "start": 1758437429606, "stop": 1758437429617}], "parameters": [{"name": "locator", "value": "('xpath', '//div[@class=\"reqs\"]')"}], "start": 1758437429606, "stop": 1758437429660}, {"name": "Проскроллить до элемента", "status": "passed", "parameters": [{"name": "locator", "value": "('xpath', '//span[@class=\"slider round\"]')"}], "start": 1758437429660, "stop": 1758437429669}, {"name": "Кликнуть на элемент", "status": "passed", "steps": [{"name": "Поиск элемента с ожиданием пока не будет виден", "status": "passed", "parameters": [{"name": "locator", "value": "('xpath', '//span[@class=\"slider round\"]')"}], "start": 1758437429669, "stop": 1758437429679}], "parameters": [{"name": "locator", "value": "('xpath', '//span[@class=\"slider round\"]')"}], "start": 1758437429669, "stop": 1758437429718}, {"name": "Кликнуть на элемент", "status": "passed", "steps": [{"name": "Поиск элемента с ожиданием пока не будет виден", "status": "passed", "parameters": [{"name": "locator", "value": "('xpath', '//span[text()=\"Ввести номер и заказать\"]')"}], "start": 1758437429718, "stop": 1758437429734}], "parameters": [{"name": "locator", "value": "('xpath', '//span[text()=\"Ввести номер и заказать\"]')"}], "start": 1758437429718, "stop": 1758437429764}, {"name": "Проверить что элемент видимый", "status": "broken", "statusDetails": {"message": "selenium.common.exceptions.NoSuchElementException: Message: no such element: Unable to locate element: {\"method\":\"xpath\",\"selector\":\"//div[@class=\"order-header-title\" and text()=\"Поиск машины\"]\"}\n  (Session info: chrome=140.0.7339.133); For documentation on this error, please visit: https://www.selenium.dev/documentation/webdriver/troubleshooting/errors#nosuchelementexception\nStacktrace:\n0   chromedriver                        0x00000001005cb668 cxxbridge1$str$ptr + 2882776\n1   chromedriver                        0x00000001005c3594 cxxbridge1$str$ptr + 2849796\n2   chromedriver                        0x00000001000ed0dc _RNvCslE4myv9Sbr3_7___rustc35___rust_no_alloc_shim_is_unstable_v2 + 73436\n3   chromedriver                        0x0000000100134474 _RNvCslE4myv9Sbr3_7___rustc35___rust_no_alloc_shim_is_unstable_v2 + 365172\n4   chromedriver                        0x000000010017566c _RNvCslE4myv9Sbr3_7___rustc35___rust_no_alloc_shim_is_unstable_v2 + 631916\n5   chromedriver                        0x0000000100128130 _RNvCslE4myv9Sbr3_7___rustc35___rust_no_alloc_shim_is_unstable_v2 + 315184\n6   chromedriver                        0x000000010058fb98 cxxbridge1$str$ptr + 2638344\n7   chromedriver                        0x0000000100592db0 cxxbridge1$str$ptr + 2651168\n8   chromedriver                        0x0000000100570634 cxxbridge1$str$ptr + 2509988\n9   chromedriver                        0x000000010059365c cxxbridge1$str$ptr + 2653388\n10  chromedriver                        0x0000000100561dd0 cxxbridge1$str$ptr + 2450496\n11  chromedriver                        0x00000001005b2ee4 cxxbridge1$str$ptr + 2782548\n12  chromedriver                        0x00000001005b3064 cxxbridge1$str$ptr + 2782932\n13  chromedriver                        0x00000001005c31e0 cxxbridge1$str$ptr + 2848848\n14  libsystem_pthread.dylib             0x000000018bc9fc0c _pthread_start + 136\n15  libsystem_pthread.dylib             0x000000018bc9ab80 thread_start + 8\n\n", "trace": "  File \"/Users/andreyshnyrin/PycharmProjects/Sprint_10/.venv/lib/python3.11/site-packages/allure_commons/_allure.py\", line 202, in impl\n    return func(*a, **kw)\n           ^^^^^^^^^^^^^^\n  File \"/Users/andreyshnyrin/PycharmProjects/Sprint_10/project/pages/base_page.py\", line 67, in check_element_visible\n    _ = self.find_element_with_wait(locator)\n        ^^^^^^^^^^^^^^^^^^^^^^^^^^^^^^^^^^^^\n  File \"/Users/andreyshnyrin/PycharmProjects/Sprint_10/.venv/lib/python3.11/site-packages/allure_commons/_allure.py\", line 202, in impl\n    return func(*a, **kw)\n           ^^^^^^^^^^^^^^\n  File \"/Users/andreyshnyrin/PycharmProjects/Sprint_10/project/pages/base_page.py\", line 20, in find_element_with_wait\n    return self.driver.find_element(*locator)\n           ^^^^^^^^^^^^^^^^^^^^^^^^^^^^^^^^^^\n  File \"/Users/andreyshnyrin/PycharmProjects/Sprint_10/.venv/lib/python3.11/site-packages/selenium/webdriver/remote/webdriver.py\", line 926, in find_element\n    return self.execute(Command.FIND_ELEMENT, {\"using\": by, \"value\": value})[\"value\"]\n           ^^^^^^^^^^^^^^^^^^^^^^^^^^^^^^^^^^^^^^^^^^^^^^^^^^^^^^^^^^^^^^^^^\n  File \"/Users/andreyshnyrin/PycharmProjects/Sprint_10/.venv/lib/python3.11/site-packages/selenium/webdriver/remote/webdriver.py\", line 458, in execute\n    self.error_handler.check_response(response)\n  File \"/Users/andreyshnyrin/PycharmProjects/Sprint_10/.venv/lib/python3.11/site-packages/selenium/webdriver/remote/errorhandler.py\", line 232, in check_response\n    raise exception_class(message, screen, stacktrace)\n"}, "steps": [{"name": "Поиск элемента с ожиданием пока не будет виден", "status": "broken", "statusDetails": {"message": "selenium.common.exceptions.NoSuchElementException: Message: no such element: Unable to locate element: {\"method\":\"xpath\",\"selector\":\"//div[@class=\"order-header-title\" and text()=\"Поиск машины\"]\"}\n  (Session info: chrome=140.0.7339.133); For documentation on this error, please visit: https://www.selenium.dev/documentation/webdriver/troubleshooting/errors#nosuchelementexception\nStacktrace:\n0   chromedriver                        0x00000001005cb668 cxxbridge1$str$ptr + 2882776\n1   chromedriver                        0x00000001005c3594 cxxbridge1$str$ptr + 2849796\n2   chromedriver                        0x00000001000ed0dc _RNvCslE4myv9Sbr3_7___rustc35___rust_no_alloc_shim_is_unstable_v2 + 73436\n3   chromedriver                        0x0000000100134474 _RNvCslE4myv9Sbr3_7___rustc35___rust_no_alloc_shim_is_unstable_v2 + 365172\n4   chromedriver                        0x000000010017566c _RNvCslE4myv9Sbr3_7___rustc35___rust_no_alloc_shim_is_unstable_v2 + 631916\n5   chromedriver                        0x0000000100128130 _RNvCslE4myv9Sbr3_7___rustc35___rust_no_alloc_shim_is_unstable_v2 + 315184\n6   chromedriver                        0x000000010058fb98 cxxbridge1$str$ptr + 2638344\n7   chromedriver                        0x0000000100592db0 cxxbridge1$str$ptr + 2651168\n8   chromedriver                        0x0000000100570634 cxxbridge1$str$ptr + 2509988\n9   chromedriver                        0x000000010059365c cxxbridge1$str$ptr + 2653388\n10  chromedriver                        0x0000000100561dd0 cxxbridge1$str$ptr + 2450496\n11  chromedriver                        0x00000001005b2ee4 cxxbridge1$str$ptr + 2782548\n12  chromedriver                        0x00000001005b3064 cxxbridge1$str$ptr + 2782932\n13  chromedriver                        0x00000001005c31e0 cxxbridge1$str$ptr + 2848848\n14  libsystem_pthread.dylib             0x000000018bc9fc0c _pthread_start + 136\n15  libsystem_pthread.dylib             0x000000018bc9ab80 thread_start + 8\n\n", "trace": "  File \"/Users/andreyshnyrin/PycharmProjects/Sprint_10/.venv/lib/python3.11/site-packages/allure_commons/_allure.py\", line 202, in impl\n    return func(*a, **kw)\n           ^^^^^^^^^^^^^^\n  File \"/Users/andreyshnyrin/PycharmProjects/Sprint_10/project/pages/base_page.py\", line 20, in find_element_with_wait\n    return self.driver.find_element(*locator)\n           ^^^^^^^^^^^^^^^^^^^^^^^^^^^^^^^^^^\n  File \"/Users/andreyshnyrin/PycharmProjects/Sprint_10/.venv/lib/python3.11/site-packages/selenium/webdriver/remote/webdriver.py\", line 926, in find_element\n    return self.execute(Command.FIND_ELEMENT, {\"using\": by, \"value\": value})[\"value\"]\n           ^^^^^^^^^^^^^^^^^^^^^^^^^^^^^^^^^^^^^^^^^^^^^^^^^^^^^^^^^^^^^^^^^\n  File \"/Users/andreyshnyrin/PycharmProjects/Sprint_10/.venv/lib/python3.11/site-packages/selenium/webdriver/remote/webdriver.py\", line 458, in execute\n    self.error_handler.check_response(response)\n  File \"/Users/andreyshnyrin/PycharmProjects/Sprint_10/.venv/lib/python3.11/site-packages/selenium/webdriver/remote/errorhandler.py\", line 232, in check_response\n    raise exception_class(message, screen, stacktrace)\n"}, "parameters": [{"name": "locator", "value": "('xpath', '//div[@class=\"order-header-title\" and text()=\"Поиск машины\"]')"}], "start": 1758437429764, "stop": 1758437429798}], "parameters": [{"name": "locator", "value": "('xpath', '//div[@class=\"order-header-title\" and text()=\"Поиск машины\"]')"}], "start": 1758437429764, "stop": 1758437429800}], "parameters": [{"name": "locator", "value": "('xpath', '//div[@class=\"order-header-title\" and text()=\"Поиск машины\"]')"}], "start": 1758437429528, "stop": 1758437429800}], "parameters": [{"name": "locator", "value": "('css selector', 'div.number')"}], "start": 1758437429528, "stop": 1758437429801, "uuid": "56ede710-c09f-4671-a3af-7e70633b3367", "historyId": "f9073ad4fb0c3990c78b9145f42a1c1f", "testCaseId": "e24b395742ef0096ff0a945ddf8f03e6", "fullName": "project.tests.test_call_taxi_page.TestCallTaxiPage#test_is_check_window_final_order", "labels": [{"name": "parentSuite", "value": "project.tests"}, {"name": "suite", "value": "test_call_taxi_page"}, {"name": "subSuite", "value": "TestCallTaxiPage"}, {"name": "host", "value": "MacBook-Pro-Andrej.local"}, {"name": "thread", "value": "9635-MainThread"}, {"name": "framework", "value": "pytest"}, {"name": "language", "value": "cpython3"}, {"name": "package", "value": "project.tests.test_call_taxi_page"}], "titlePath": ["project", "tests", "test_call_taxi_page.py", "TestCallTaxiPage"]}